TN:Test 1
SF:test.cr
FN:13,mount
FN:19,(anonymous_2)
FNF:2
FNH:2
FNDA:1,mount
FNDA:1,(anonymous_2)
DA:0,1
DA:10,9
DA:11,1
DA:13,1
DA:14,1
DA:15,1
DA:16,1
DA:17,1
DA:18,1
DA:19,1
DA:20,1
DA:21,1
LF:12
LH:12
BRF:0
BRH:0
end_of_record
TN:
SF:
FN:4,create
FNF:1
FNH:1
FNDA:90,create
DA:0,90
DA:4,1
DA:5,90
DA:6,25
DA:9,65
DA:11,55
DA:14,55
DA:18,55
DA:19,55
DA:20,47
DA:21,47
DA:23,55
DA:26,10
DA:27,10
DA:28,2
DA:30,10
DA:31,10
DA:32,10
LF:18
LH:18
BRDA:4,1,0,32
BRDA:4,1,1,58
BRDA:4,2,0,32
BRDA:4,2,1,58
BRDA:5,3,0,25
BRDA:5,3,1,65
BRDA:9,4,0,55
BRDA:9,4,1,10
BRDA:27,5,0,2
BRDA:27,5,1,8
BRF:10
BRH:10
end_of_record